[26-Jan-2024 04:36:56 UTC] PHP Warning:  Trying to access array offset on value of type bool in C:\Users\Hammad\Local Sites\viceroy\app\public\wp-content\plugins\wp-smart-preloader\inc\wsp-option_page.php on line 91
[26-Jan-2024 04:37:34 UTC] PHP Warning:  Trying to access array offset on value of type bool in C:\Users\Hammad\Local Sites\viceroy\app\public\wp-content\plugins\wp-smart-preloader\inc\wsp-option_page.php on line 91
[26-Jan-2024 04:38:54 UTC] PHP Warning:  The magic method Preloader_Plus\Preloader_Plus::__wakeup() must have public visibility in C:\Users\Hammad\Local Sites\viceroy\app\public\wp-content\plugins\preloader-plus\inc\preloader-plus.php on line 94
[26-Jan-2024 04:38:54 UTC] PHP Warning:  The magic method Preloader_Plus_Pro\Preloader_Plus_Pro::__wakeup() must have public visibility in C:\Users\Hammad\Local Sites\viceroy\app\public\wp-content\plugins\preloader-plus\preloader-plus-pro\inc\preloader-plus-pro.php on line 59
[26-Jan-2024 05:18:24 UTC] PHP Warning:  Undefined array key "options" in C:\Users\Hammad\Local Sites\viceroy\app\public\wp-content\plugins\elementor-pro\modules\theme-builder\widgets\site-logo.php on line 123
[26-Jan-2024 05:19:08 UTC] PHP Warning:  Undefined array key "options" in C:\Users\Hammad\Local Sites\viceroy\app\public\wp-content\plugins\elementor-pro\modules\theme-builder\widgets\site-logo.php on line 123
[26-Jan-2024 05:20:28 UTC] PHP Warning:  Undefined array key "options" in C:\Users\Hammad\Local Sites\viceroy\app\public\wp-content\plugins\elementor-pro\modules\theme-builder\widgets\site-logo.php on line 123
[26-Jan-2024 05:20:28 UTC] PHP Warning:  Undefined array key "options" in C:\Users\Hammad\Local Sites\viceroy\app\public\wp-content\plugins\elementor-pro\modules\theme-builder\widgets\site-logo.php on line 123
[26-Jan-2024 05:20:48 UTC] PHP Warning:  Undefined array key "options" in C:\Users\Hammad\Local Sites\viceroy\app\public\wp-content\plugins\elementor-pro\modules\theme-builder\widgets\site-logo.php on line 123
[26-Jan-2024 05:22:57 UTC] PHP Warning:  Undefined array key "options" in C:\Users\Hammad\Local Sites\viceroy\app\public\wp-content\plugins\elementor-pro\modules\theme-builder\widgets\site-logo.php on line 123
[26-Jan-2024 05:23:08 UTC] PHP Warning:  Undefined array key "editor_post_id" in C:\Users\Hammad\Local Sites\viceroy\app\public\wp-content\plugins\elementor\modules\history\revisions-manager.php on line 363
[26-Jan-2024 05:23:51 UTC] PHP Warning:  Undefined array key "options" in C:\Users\Hammad\Local Sites\viceroy\app\public\wp-content\plugins\elementor-pro\modules\theme-builder\widgets\site-logo.php on line 123
[26-Jan-2024 05:24:10 UTC] PHP Warning:  Undefined array key "options" in C:\Users\Hammad\Local Sites\viceroy\app\public\wp-content\plugins\elementor-pro\modules\theme-builder\widgets\site-logo.php on line 123
[26-Jan-2024 05:24:39 UTC] PHP Warning:  Undefined array key "options" in C:\Users\Hammad\Local Sites\viceroy\app\public\wp-content\plugins\elementor-pro\modules\theme-builder\widgets\site-logo.php on line 123
[26-Jan-2024 05:25:06 UTC] PHP Warning:  Undefined array key "options" in C:\Users\Hammad\Local Sites\viceroy\app\public\wp-content\plugins\elementor-pro\modules\theme-builder\widgets\site-logo.php on line 123
[26-Jan-2024 05:33:50 UTC] PHP Warning:  Undefined array key "options" in C:\Users\Hammad\Local Sites\viceroy\app\public\wp-content\plugins\elementor-pro\modules\theme-builder\widgets\site-logo.php on line 123
[26-Jan-2024 05:33:51 UTC] PHP Warning:  Undefined array key "options" in C:\Users\Hammad\Local Sites\viceroy\app\public\wp-content\plugins\elementor-pro\modules\theme-builder\widgets\site-logo.php on line 123
[26-Jan-2024 05:33:53 UTC] PHP Warning:  Undefined array key "options" in C:\Users\Hammad\Local Sites\viceroy\app\public\wp-content\plugins\elementor-pro\modules\theme-builder\widgets\site-logo.php on line 123
[26-Jan-2024 05:33:57 UTC] PHP Warning:  Undefined array key "options" in C:\Users\Hammad\Local Sites\viceroy\app\public\wp-content\plugins\elementor-pro\modules\theme-builder\widgets\site-logo.php on line 123
[26-Jan-2024 05:49:48 UTC] PHP Warning:  Undefined array key "options" in C:\Users\Hammad\Local Sites\viceroy\app\public\wp-content\plugins\elementor-pro\modules\theme-builder\widgets\site-logo.php on line 123
[26-Jan-2024 05:53:17 UTC] PHP Warning:  Undefined array key "options" in C:\Users\Hammad\Local Sites\viceroy\app\public\wp-content\plugins\elementor-pro\modules\theme-builder\widgets\site-logo.php on line 123
[26-Jan-2024 05:58:18 UTC] PHP Warning:  Undefined array key "options" in C:\Users\Hammad\Local Sites\viceroy\app\public\wp-content\plugins\elementor-pro\modules\theme-builder\widgets\site-logo.php on line 123
[26-Jan-2024 06:03:15 UTC] PHP Warning:  Undefined array key "options" in C:\Users\Hammad\Local Sites\viceroy\app\public\wp-content\plugins\elementor-pro\modules\theme-builder\widgets\site-logo.php on line 123
[26-Jan-2024 06:08:11 UTC] PHP Warning:  Undefined array key "options" in C:\Users\Hammad\Local Sites\viceroy\app\public\wp-content\plugins\elementor-pro\modules\theme-builder\widgets\site-logo.php on line 123
[26-Jan-2024 06:08:15 UTC] PHP Warning:  Undefined array key "options" in C:\Users\Hammad\Local Sites\viceroy\app\public\wp-content\plugins\elementor-pro\modules\theme-builder\widgets\site-logo.php on line 123
[26-Jan-2024 06:10:17 UTC] PHP Warning:  Undefined array key "options" in C:\Users\Hammad\Local Sites\viceroy\app\public\wp-content\plugins\elementor-pro\modules\theme-builder\widgets\site-logo.php on line 123
[26-Jan-2024 06:10:55 UTC] PHP Warning:  Undefined array key "options" in C:\Users\Hammad\Local Sites\viceroy\app\public\wp-content\plugins\elementor-pro\modules\theme-builder\widgets\site-logo.php on line 123
[26-Jan-2024 06:11:02 UTC] PHP Warning:  Undefined array key "options" in C:\Users\Hammad\Local Sites\viceroy\app\public\wp-content\plugins\elementor-pro\modules\theme-builder\widgets\site-logo.php on line 123
[26-Jan-2024 06:11:41 UTC] PHP Warning:  Undefined array key "options" in C:\Users\Hammad\Local Sites\viceroy\app\public\wp-content\plugins\elementor-pro\modules\theme-builder\widgets\site-logo.php on line 123
[26-Jan-2024 06:11:57 UTC] PHP Warning:  Undefined array key "options" in C:\Users\Hammad\Local Sites\viceroy\app\public\wp-content\plugins\elementor-pro\modules\theme-builder\widgets\site-logo.php on line 123
[26-Jan-2024 06:12:03 UTC] PHP Warning:  Undefined array key "options" in C:\Users\Hammad\Local Sites\viceroy\app\public\wp-content\plugins\elementor-pro\modules\theme-builder\widgets\site-logo.php on line 123
[26-Jan-2024 06:12:07 UTC] PHP Warning:  Undefined array key "options" in C:\Users\Hammad\Local Sites\viceroy\app\public\wp-content\plugins\elementor-pro\modules\theme-builder\widgets\site-logo.php on line 123
[26-Jan-2024 06:12:17 UTC] PHP Warning:  Undefined array key "options" in C:\Users\Hammad\Local Sites\viceroy\app\public\wp-content\plugins\elementor-pro\modules\theme-builder\widgets\site-logo.php on line 123
[26-Jan-2024 06:12:21 UTC] PHP Warning:  Undefined array key "options" in C:\Users\Hammad\Local Sites\viceroy\app\public\wp-content\plugins\elementor-pro\modules\theme-builder\widgets\site-logo.php on line 123
[26-Jan-2024 06:12:36 UTC] PHP Warning:  Undefined array key "options" in C:\Users\Hammad\Local Sites\viceroy\app\public\wp-content\plugins\elementor-pro\modules\theme-builder\widgets\site-logo.php on line 123
[26-Jan-2024 06:12:42 UTC] PHP Warning:  Undefined array key "options" in C:\Users\Hammad\Local Sites\viceroy\app\public\wp-content\plugins\elementor-pro\modules\theme-builder\widgets\site-logo.php on line 123
[26-Jan-2024 06:13:24 UTC] PHP Warning:  Undefined array key "options" in C:\Users\Hammad\Local Sites\viceroy\app\public\wp-content\plugins\elementor-pro\modules\theme-builder\widgets\site-logo.php on line 123
[26-Jan-2024 06:13:46 UTC] PHP Warning:  Undefined array key "options" in C:\Users\Hammad\Local Sites\viceroy\app\public\wp-content\plugins\elementor-pro\modules\theme-builder\widgets\site-logo.php on line 123
[26-Jan-2024 06:13:52 UTC] PHP Warning:  Undefined array key "options" in C:\Users\Hammad\Local Sites\viceroy\app\public\wp-content\plugins\elementor-pro\modules\theme-builder\widgets\site-logo.php on line 123
[26-Jan-2024 06:14:01 UTC] PHP Warning:  Undefined array key "options" in C:\Users\Hammad\Local Sites\viceroy\app\public\wp-content\plugins\elementor-pro\modules\theme-builder\widgets\site-logo.php on line 123
[26-Jan-2024 06:16:11 UTC] PHP Warning:  Undefined array key "options" in C:\Users\Hammad\Local Sites\viceroy\app\public\wp-content\plugins\elementor-pro\modules\theme-builder\widgets\site-logo.php on line 123
[26-Jan-2024 06:16:57 UTC] PHP Warning:  Undefined array key "options" in C:\Users\Hammad\Local Sites\viceroy\app\public\wp-content\plugins\elementor-pro\modules\theme-builder\widgets\site-logo.php on line 123
[26-Jan-2024 06:17:48 UTC] PHP Warning:  Undefined array key "options" in C:\Users\Hammad\Local Sites\viceroy\app\public\wp-content\plugins\elementor-pro\modules\theme-builder\widgets\site-logo.php on line 123
[26-Jan-2024 06:18:31 UTC] PHP Warning:  Undefined array key "options" in C:\Users\Hammad\Local Sites\viceroy\app\public\wp-content\plugins\elementor-pro\modules\theme-builder\widgets\site-logo.php on line 123
[26-Jan-2024 06:18:55 UTC] PHP Warning:  Undefined array key "options" in C:\Users\Hammad\Local Sites\viceroy\app\public\wp-content\plugins\elementor-pro\modules\theme-builder\widgets\site-logo.php on line 123
[26-Jan-2024 06:19:20 UTC] PHP Warning:  Undefined array key "options" in C:\Users\Hammad\Local Sites\viceroy\app\public\wp-content\plugins\elementor-pro\modules\theme-builder\widgets\site-logo.php on line 123
[26-Jan-2024 06:20:31 UTC] PHP Warning:  Undefined array key "options" in C:\Users\Hammad\Local Sites\viceroy\app\public\wp-content\plugins\elementor-pro\modules\theme-builder\widgets\site-logo.php on line 123
[26-Jan-2024 06:22:15 UTC] PHP Warning:  Undefined array key "options" in C:\Users\Hammad\Local Sites\viceroy\app\public\wp-content\plugins\elementor-pro\modules\theme-builder\widgets\site-logo.php on line 123
[26-Jan-2024 06:22:44 UTC] PHP Warning:  Undefined array key "options" in C:\Users\Hammad\Local Sites\viceroy\app\public\wp-content\plugins\elementor-pro\modules\theme-builder\widgets\site-logo.php on line 123
[26-Jan-2024 06:23:05 UTC] PHP Warning:  Undefined array key "options" in C:\Users\Hammad\Local Sites\viceroy\app\public\wp-content\plugins\elementor-pro\modules\theme-builder\widgets\site-logo.php on line 123
[26-Jan-2024 06:26:23 UTC] PHP Warning:  Undefined array key "options" in C:\Users\Hammad\Local Sites\viceroy\app\public\wp-content\plugins\elementor-pro\modules\theme-builder\widgets\site-logo.php on line 123
[26-Jan-2024 06:27:25 UTC] PHP Warning:  Undefined array key "options" in C:\Users\Hammad\Local Sites\viceroy\app\public\wp-content\plugins\elementor-pro\modules\theme-builder\widgets\site-logo.php on line 123
[26-Jan-2024 06:30:23 UTC] PHP Warning:  Undefined array key "options" in C:\Users\Hammad\Local Sites\viceroy\app\public\wp-content\plugins\elementor-pro\modules\theme-builder\widgets\site-logo.php on line 123
[26-Jan-2024 06:30:46 UTC] PHP Warning:  Undefined array key "options" in C:\Users\Hammad\Local Sites\viceroy\app\public\wp-content\plugins\elementor-pro\modules\theme-builder\widgets\site-logo.php on line 123
[26-Jan-2024 06:30:52 UTC] PHP Warning:  Undefined array key "options" in C:\Users\Hammad\Local Sites\viceroy\app\public\wp-content\plugins\elementor-pro\modules\theme-builder\widgets\site-logo.php on line 123
[26-Jan-2024 06:30:58 UTC] PHP Warning:  Undefined array key "options" in C:\Users\Hammad\Local Sites\viceroy\app\public\wp-content\plugins\elementor-pro\modules\theme-builder\widgets\site-logo.php on line 123
[26-Jan-2024 06:31:06 UTC] PHP Warning:  Undefined array key "options" in C:\Users\Hammad\Local Sites\viceroy\app\public\wp-content\plugins\elementor-pro\modules\theme-builder\widgets\site-logo.php on line 123
[26-Jan-2024 11:00:53 UTC] PHP Warning:  The magic method Preloader_Plus\Preloader_Plus::__wakeup() must have public visibility in C:\Users\Hammad\Local Sites\viceroy\app\public\wp-content\plugins\preloader-plus\inc\preloader-plus.php on line 94
[26-Jan-2024 11:00:53 UTC] PHP Warning:  The magic method Preloader_Plus_Pro\Preloader_Plus_Pro::__wakeup() must have public visibility in C:\Users\Hammad\Local Sites\viceroy\app\public\wp-content\plugins\preloader-plus\preloader-plus-pro\inc\preloader-plus-pro.php on line 59
[26-Jan-2024 11:03:49 UTC] PHP Warning:  Undefined array key "requires" in C:\Users\Hammad\Local Sites\viceroy\app\public\wp-content\plugins\elementor-pro\license\updater.php on line 69
[26-Jan-2024 11:03:49 UTC] PHP Warning:  Undefined array key "new_version" in C:\Users\Hammad\Local Sites\viceroy\app\public\wp-content\plugins\elementor-pro\license\updater.php on line 84
[26-Jan-2024 11:03:50 UTC] PHP Warning:  Undefined array key "requires" in C:\Users\Hammad\Local Sites\viceroy\app\public\wp-content\plugins\elementor-pro\license\updater.php on line 69
[26-Jan-2024 11:03:50 UTC] PHP Warning:  Undefined array key "new_version" in C:\Users\Hammad\Local Sites\viceroy\app\public\wp-content\plugins\elementor-pro\license\updater.php on line 84
[26-Jan-2024 11:03:54 UTC] PHP Warning:  Undefined array key "requires" in C:\Users\Hammad\Local Sites\viceroy\app\public\wp-content\plugins\elementor-pro\license\updater.php on line 69
[26-Jan-2024 11:03:54 UTC] PHP Warning:  Undefined array key "new_version" in C:\Users\Hammad\Local Sites\viceroy\app\public\wp-content\plugins\elementor-pro\license\updater.php on line 84
[26-Jan-2024 11:03:55 UTC] PHP Warning:  Undefined array key "requires" in C:\Users\Hammad\Local Sites\viceroy\app\public\wp-content\plugins\elementor-pro\license\updater.php on line 69
[26-Jan-2024 11:03:55 UTC] PHP Warning:  Undefined array key "new_version" in C:\Users\Hammad\Local Sites\viceroy\app\public\wp-content\plugins\elementor-pro\license\updater.php on line 84
[28-Jan-2024 02:01:42 UTC] PHP Warning:  The magic method Preloader_Plus\Preloader_Plus::__wakeup() must have public visibility in C:\Users\Hammad\Local Sites\viceroy\app\public\wp-content\plugins\preloader-plus\inc\preloader-plus.php on line 94
[28-Jan-2024 02:01:42 UTC] PHP Warning:  The magic method Preloader_Plus_Pro\Preloader_Plus_Pro::__wakeup() must have public visibility in C:\Users\Hammad\Local Sites\viceroy\app\public\wp-content\plugins\preloader-plus\preloader-plus-pro\inc\preloader-plus-pro.php on line 59
[28-Jan-2024 02:02:29 UTC] PHP Warning:  Undefined array key "requires" in C:\Users\Hammad\Local Sites\viceroy\app\public\wp-content\plugins\elementor-pro\license\updater.php on line 69
[28-Jan-2024 02:02:29 UTC] PHP Warning:  Undefined array key "new_version" in C:\Users\Hammad\Local Sites\viceroy\app\public\wp-content\plugins\elementor-pro\license\updater.php on line 84
[28-Jan-2024 02:02:30 UTC] PHP Warning:  Undefined array key "requires" in C:\Users\Hammad\Local Sites\viceroy\app\public\wp-content\plugins\elementor-pro\license\updater.php on line 69
[28-Jan-2024 02:02:30 UTC] PHP Warning:  Undefined array key "new_version" in C:\Users\Hammad\Local Sites\viceroy\app\public\wp-content\plugins\elementor-pro\license\updater.php on line 84
[28-Jan-2024 02:14:56 UTC] PHP Warning:  Undefined array key "requires" in C:\Users\Hammad\Local Sites\viceroy\app\public\wp-content\plugins\elementor-pro\license\updater.php on line 69
[28-Jan-2024 02:14:56 UTC] PHP Warning:  Undefined array key "new_version" in C:\Users\Hammad\Local Sites\viceroy\app\public\wp-content\plugins\elementor-pro\license\updater.php on line 84
[28-Jan-2024 02:14:57 UTC] PHP Warning:  Undefined array key "requires" in C:\Users\Hammad\Local Sites\viceroy\app\public\wp-content\plugins\elementor-pro\license\updater.php on line 69
[28-Jan-2024 02:14:57 UTC] PHP Warning:  Undefined array key "new_version" in C:\Users\Hammad\Local Sites\viceroy\app\public\wp-content\plugins\elementor-pro\license\updater.php on line 84
[28-Jan-2024 06:28:36 UTC] PHP Warning:  The magic method Preloader_Plus\Preloader_Plus::__wakeup() must have public visibility in C:\Users\Hammad\Local Sites\viceroy\app\public\wp-content\plugins\preloader-plus\inc\preloader-plus.php on line 94
[28-Jan-2024 06:28:36 UTC] PHP Warning:  The magic method Preloader_Plus_Pro\Preloader_Plus_Pro::__wakeup() must have public visibility in C:\Users\Hammad\Local Sites\viceroy\app\public\wp-content\plugins\preloader-plus\preloader-plus-pro\inc\preloader-plus-pro.php on line 59
[28-Jan-2024 07:43:21 UTC] PHP Warning:  The magic method Preloader_Plus\Preloader_Plus::__wakeup() must have public visibility in C:\Users\Hammad\Local Sites\viceroy\app\public\wp-content\plugins\preloader-plus\inc\preloader-plus.php on line 94
[28-Jan-2024 07:43:21 UTC] PHP Warning:  The magic method Preloader_Plus\Preloader_Plus::__wakeup() must have public visibility in C:\Users\Hammad\Local Sites\viceroy\app\public\wp-content\plugins\preloader-plus\inc\preloader-plus.php on line 94
[28-Jan-2024 07:43:21 UTC] PHP Warning:  The magic method Preloader_Plus_Pro\Preloader_Plus_Pro::__wakeup() must have public visibility in C:\Users\Hammad\Local Sites\viceroy\app\public\wp-content\plugins\preloader-plus\preloader-plus-pro\inc\preloader-plus-pro.php on line 59
[28-Jan-2024 07:43:21 UTC] PHP Warning:  The magic method Preloader_Plus_Pro\Preloader_Plus_Pro::__wakeup() must have public visibility in C:\Users\Hammad\Local Sites\viceroy\app\public\wp-content\plugins\preloader-plus\preloader-plus-pro\inc\preloader-plus-pro.php on line 59
